2025-05-01 19:40:13 - Will secure any request with [org.springframework.security.web.session.DisableEncodeUrlFilter@1a15ed8d, org.springframework.security.web.context.request.async.WebAsyncManagerIntegrationFilter@434cdfe7, org.springframework.security.web.context.SecurityContextHolderFilter@4447c7e2, org.springframework.security.web.header.HeaderWriterFilter@70c45c52, org.springframework.web.filter.CorsFilter@7e087bca, org.springframework.security.web.csrf.CsrfFilter@6b5a4eb0, org.springframework.security.web.authentication.logout.LogoutFilter@5a1bd4dd, org.springframework.security.web.authentication.UsernamePasswordAuthenticationFilter@62cd6322, org.springframework.security.web.session.ConcurrentSessionFilter@9bbec44, org.springframework.security.web.savedrequest.RequestCacheAwareFilter@2f6ceabb, org.springframework.security.web.servletapi.SecurityContextHolderAwareRequestFilter@55b7148, org.springframework.security.web.authentication.AnonymousAuthenticationFilter@4526603d, org.springframework.security.web.session.SessionManagementFilter@67ec854f, org.springframework.security.web.access.ExceptionTranslationFilter@28957ee, org.springframework.security.web.access.intercept.AuthorizationFilter@6219edb4]
2025-05-01 19:41:45 - Will secure any request with [org.springframework.security.web.session.DisableEncodeUrlFilter@6f622604, org.springframework.security.web.context.request.async.WebAsyncManagerIntegrationFilter@57a1c3b8, org.springframework.security.web.context.SecurityContextHolderFilter@2ed336af, org.springframework.security.web.header.HeaderWriterFilter@400b7449, org.springframework.web.filter.CorsFilter@65525b81, org.springframework.security.web.csrf.CsrfFilter@7c65a00, org.springframework.security.web.authentication.logout.LogoutFilter@65951275, org.springframework.security.web.authentication.UsernamePasswordAuthenticationFilter@ffc9d74, org.springframework.security.web.session.ConcurrentSessionFilter@1aa727f, org.springframework.security.web.savedrequest.RequestCacheAwareFilter@1d23f37e, org.springframework.security.web.servletapi.SecurityContextHolderAwareRequestFilter@28f15c5e, org.springframework.security.web.authentication.AnonymousAuthenticationFilter@64d2949d, org.springframework.security.web.session.SessionManagementFilter@7d92b8ea, org.springframework.security.web.access.ExceptionTranslationFilter@23d7af15, org.springframework.security.web.access.intercept.AuthorizationFilter@2a8d96e4]
2025-05-01 19:42:23 - Login successful for user: admin, authorities: [ROLE_ADMIN], IP: 0:0:0:0:0:0:0:1
2025-05-01 19:42:23 - LOGIN_SUCCESS user='admin', roles=[ROLE_ADMIN], ip=0:0:0:0:0:0:0:1, session=CDE544934A6E24EB37E828C0053A6B47
2025-05-01 19:42:23 - LOGIN_SUCCESS user='admin', roles=[ROLE_ADMIN], ip=0:0:0:0:0:0:0:1
2025-05-01 19:42:23 - User 'admin' logged in successfully from IP 0:0:0:0:0:0:0:1
2025-05-01 19:42:48 - Logout successful for user: admin, IP: 0:0:0:0:0:0:0:1
2025-05-01 19:42:48 - LOGOUT user='admin', ip=0:0:0:0:0:0:0:1, session=CDE544934A6E24EB37E828C0053A6B47
2025-05-01 19:42:48 - LOGOUT user='admin', ip=0:0:0:0:0:0:0:1
2025-05-01 19:42:48 - User 'admin' logged out from IP 0:0:0:0:0:0:0:1
2025-05-01 19:48:29 - Will secure any request with [org.springframework.security.web.session.DisableEncodeUrlFilter@697c133e, org.springframework.security.web.context.request.async.WebAsyncManagerIntegrationFilter@73ab0c9e, org.springframework.security.web.context.SecurityContextHolderFilter@65951275, org.springframework.security.web.header.HeaderWriterFilter@452b29e4, org.springframework.web.filter.CorsFilter@32edf7ec, org.springframework.security.web.csrf.CsrfFilter@1796e491, org.springframework.security.web.authentication.logout.LogoutFilter@3aac5a30, org.springframework.security.web.authentication.UsernamePasswordAuthenticationFilter@aad2536, org.springframework.security.web.session.ConcurrentSessionFilter@1ad44a46, org.springframework.security.web.savedrequest.RequestCacheAwareFilter@7f1e1ce7, org.springframework.security.web.servletapi.SecurityContextHolderAwareRequestFilter@6dbbb356, org.springframework.security.web.authentication.AnonymousAuthenticationFilter@5111d131, org.springframework.security.web.session.SessionManagementFilter@2ed336af, org.springframework.security.web.access.ExceptionTranslationFilter@3386e8c2, org.springframework.security.web.access.intercept.AuthorizationFilter@4b041d97]
2025-05-01 19:49:06 - Login failed for user: admin, reason: bad credentials, IP: 0:0:0:0:0:0:0:1
2025-05-01 19:49:06 - LOGIN_FAILURE user='admin', reason='bad_credentials', ip=0:0:0:0:0:0:0:1
2025-05-01 19:49:06 - LOGIN_FAILURE user='admin', reason='BadCredentialsException'
2025-05-01 19:49:06 - Failed login attempt for user 'admin': BadCredentialsException
2025-05-01 19:49:09 - Login failed for user: admin, reason: bad credentials, IP: 0:0:0:0:0:0:0:1
2025-05-01 19:49:09 - LOGIN_FAILURE user='admin', reason='bad_credentials', ip=0:0:0:0:0:0:0:1
2025-05-01 19:49:09 - LOGIN_FAILURE user='admin', reason='BadCredentialsException'
2025-05-01 19:49:09 - Failed login attempt for user 'admin': BadCredentialsException
2025-05-01 19:49:24 - Login successful for user: admin, authorities: [ROLE_ADMIN], IP: 0:0:0:0:0:0:0:1
2025-05-01 19:49:24 - LOGIN_SUCCESS user='admin', roles=[ROLE_ADMIN], ip=0:0:0:0:0:0:0:1, session=null
2025-05-01 19:49:24 - LOGIN_SUCCESS user='admin', roles=[ROLE_ADMIN], ip=0:0:0:0:0:0:0:1
2025-05-01 19:49:24 - User 'admin' logged in successfully from IP 0:0:0:0:0:0:0:1
2025-05-01 20:11:31 - Will secure any request with [org.springframework.security.web.session.DisableEncodeUrlFilter@73ebea0b, org.springframework.security.web.context.request.async.WebAsyncManagerIntegrationFilter@2ee33def, org.springframework.security.web.context.SecurityContextHolderFilter@72283f4b, org.springframework.security.web.header.HeaderWriterFilter@1726b432, org.springframework.web.filter.CorsFilter@703168cd, org.springframework.security.web.csrf.CsrfFilter@12aaef43, org.springframework.security.web.authentication.logout.LogoutFilter@6e653672, org.springframework.security.web.authentication.UsernamePasswordAuthenticationFilter@25cc3213, org.springframework.security.web.session.ConcurrentSessionFilter@1a15ed8d, org.springframework.security.web.savedrequest.RequestCacheAwareFilter@ffc9d74, org.springframework.security.web.servletapi.SecurityContextHolderAwareRequestFilter@14258bc3, org.springframework.security.web.authentication.AnonymousAuthenticationFilter@71119806, org.springframework.security.web.session.SessionManagementFilter@3255a662, org.springframework.security.web.access.ExceptionTranslationFilter@186367bc, org.springframework.security.web.access.intercept.AuthorizationFilter@5c8d911c]
2025-05-01 20:16:56 - Will secure any request with [org.springframework.security.web.session.DisableEncodeUrlFilter@25c359af, org.springframework.security.web.context.request.async.WebAsyncManagerIntegrationFilter@b1f6a4, org.springframework.security.web.context.SecurityContextHolderFilter@765c82ea, org.springframework.security.web.header.HeaderWriterFilter@5fe05c01, org.springframework.web.filter.CorsFilter@13216af1, org.springframework.security.web.csrf.CsrfFilter@236d0623, org.springframework.security.web.authentication.logout.LogoutFilter@53e82a50, org.springframework.security.web.authentication.UsernamePasswordAuthenticationFilter@56e4633e, org.springframework.security.web.session.ConcurrentSessionFilter@71dee9f5, org.springframework.security.web.savedrequest.RequestCacheAwareFilter@4d03dd87, org.springframework.security.web.servletapi.SecurityContextHolderAwareRequestFilter@50ea26da, org.springframework.security.web.authentication.AnonymousAuthenticationFilter@61ca38a1, org.springframework.security.web.session.SessionManagementFilter@1929c96, org.springframework.security.web.access.ExceptionTranslationFilter@25da5d9e, org.springframework.security.web.access.intercept.AuthorizationFilter@1e821e1f]
2025-05-01 20:19:26 - Login successful for user: admin, authorities: [ROLE_ADMIN], IP: 0:0:0:0:0:0:0:1
2025-05-01 20:19:26 - LOGIN_SUCCESS user='admin', roles=[ROLE_ADMIN], ip=0:0:0:0:0:0:0:1, session=852AD99BB036B40B0BD21DB24C30B97E
2025-05-01 20:19:26 - LOGIN_SUCCESS user='admin', roles=[ROLE_ADMIN], ip=0:0:0:0:0:0:0:1
2025-05-01 20:19:26 - User 'admin' logged in successfully from IP 0:0:0:0:0:0:0:1
